# JRE version: OpenJDK Runtime Environment Temurin-25.0.1+8 (25.0.1+8) (build 25.0.1+8-LTS)
# Java VM: OpenJDK 64-Bit Server VM Temurin-25.0.1+8 (25.0.1+8-LTS, mixed mode, emulated-client, sharing, tiered, compressed oops, compressed class ptrs, g1 gc, windows-amd64)
GC Precious Log:
 CardTable entry size: 512
 Card Set container configuration: InlinePtr #cards 5 size 8 Array Of Cards #cards 10 size 36 Howl #buckets 4 coarsen threshold 1843 Howl Bitmap #cards 512 size 80 coarsen threshold 460 Card regions per heap region 1 cards per card region 2048
 CPUs: 4 total, 4 available
 Memory: 8107M
 Large Page Support: Disabled
 NUMA Support: Disabled
 Compressed Oops: Enabled (32-bit)
 Heap Region Size: 1M
 Heap Min Capacity: 8M
 Heap Initial Capacity: 128M
 Heap Max Capacity: 2028M
 Pre-touch: Disabled
 Parallel Workers: 4
 Concurrent Workers: 1
 Concurrent Refinement Workers: 4
 Periodic GC: Disabled
Heap:
 garbage-first heap   total reserved 2076672K, committed 65536K, used 34698K [0x0000000081400000, 0x0000000100000000)
  region size 1024K, 8 young (8192K), 2 survivors (2048K)
GC Heap Usage History (20 events):
Event: 1.916 {heap Before GC invocations=0 (full 0):
 garbage-first heap   total reserved 2076672K, committed 133120K, used 31891K [0x0000000081400000, 0x0000000100000000)
  region size 1024K, 28 young (28672K), 0 survivors (0K)
}
Event: 1.924 {heap After GC invocations=1 (full 0):
 garbage-first heap   total reserved 2076672K, committed 133120K, used 9534K [0x0000000081400000, 0x0000000100000000)
  region size 1024K, 4 young (4096K), 4 survivors (4096K)
}
Event: 3.103 {heap Before GC invocations=1 (full 0):
 garbage-first heap   total reserved 2076672K, committed 133120K, used 59710K [0x0000000081400000, 0x0000000100000000)
  region size 1024K, 54 young (55296K), 4 survivors (4096K)
}
Event: 3.113 {heap After GC invocations=2 (full 0):
 garbage-first heap   total reserved 2076672K, committed 133120K, used 14529K [0x0000000081400000, 0x0000000100000000)
  region size 1024K, 5 young (5120K), 5 survivors (5120K)
}
Event: 3.667 {heap Before GC invocations=2 (full 0):
 garbage-first heap   total reserved 2076672K, committed 133120K, used 39105K [0x0000000081400000, 0x0000000100000000)
  region size 1024K, 30 young (30720K), 5 survivors (5120K)
}
Event: 3.680 {heap After GC invocations=3 (full 0):
 garbage-first heap   total reserved 2076672K, committed 133120K, used 18366K [0x0000000081400000, 0x0000000100000000)
  region size 1024K, 4 young (4096K), 4 survivors (4096K)
}
Event: 4.791 {heap Before GC invocations=4 (full 0):
 garbage-first heap   total reserved 2076672K, committed 65536K, used 53182K [0x0000000081400000, 0x0000000100000000)
  region size 1024K, 38 young (38912K), 4 survivors (4096K)
}
Event: 4.807 {heap After GC invocations=5 (full 0):
 garbage-first heap   total reserved 2076672K, committed 65536K, used 21212K [0x0000000081400000, 0x0000000100000000)
  region size 1024K, 3 young (3072K), 3 survivors (3072K)
}
Event: 5.474 {heap Before GC invocations=5 (full 0):
 garbage-first heap   total reserved 2076672K, committed 65536K, used 47836K [0x0000000081400000, 0x0000000100000000)
  region size 1024K, 29 young (29696K), 3 survivors (3072K)
}
Event: 5.481 {heap After GC invocations=6 (full 0):
 garbage-first heap   total reserved 2076672K, committed 65536K, used 23369K [0x0000000081400000, 0x0000000100000000)
  region size 1024K, 3 young (3072K), 3 survivors (3072K)
}
Event: 6.160 {heap Before GC invocations=6 (full 0):
 garbage-first heap   total reserved 2076672K, committed 65536K, used 44873K [0x0000000081400000, 0x0000000100000000)
  region size 1024K, 26 young (26624K), 3 survivors (3072K)
}
Event: 6.165 {heap After GC invocations=7 (full 0):
 garbage-first heap   total reserved 2076672K, committed 65536K, used 24686K [0x0000000081400000, 0x0000000100000000)
  region size 1024K, 4 young (4096K), 4 survivors (4096K)
}
Event: 7.301 {heap Before GC invocations=8 (full 0):
 garbage-first heap   total reserved 2076672K, committed 65536K, used 51310K [0x0000000081400000, 0x0000000100000000)
  region size 1024K, 31 young (31744K), 4 survivors (4096K)
}
Event: 7.309 {heap After GC invocations=9 (full 0):
 garbage-first heap   total reserved 2076672K, committed 65536K, used 27310K [0x0000000081400000, 0x0000000100000000)
  region size 1024K, 4 young (4096K), 4 survivors (4096K)
}
Event: 8.213 {heap Before GC invocations=9 (full 0):
 garbage-first heap   total reserved 2076672K, committed 65536K, used 54958K [0x0000000081400000, 0x0000000100000000)
  region size 1024K, 31 young (31744K), 4 survivors (4096K)
}
Event: 8.220 {heap After GC invocations=10 (full 0):
 garbage-first heap   total reserved 2076672K, committed 65536K, used 28154K [0x0000000081400000, 0x0000000100000000)
  region size 1024K, 2 young (2048K), 2 survivors (2048K)
}
Event: 9.183 {heap Before GC invocations=10 (full 0):
 garbage-first heap   total reserved 2076672K, committed 65536K, used 54778K [0x0000000081400000, 0x0000000100000000)
  region size 1024K, 29 young (29696K), 2 survivors (2048K)
}
Event: 9.188 {heap After GC invocations=11 (full 0):
 garbage-first heap   total reserved 2076672K, committed 65536K, used 29404K [0x0000000081400000, 0x0000000100000000)
  region size 1024K, 3 young (3072K), 3 survivors (3072K)
}
Event: 9.301 {heap Before GC invocations=11 (full 0):
 garbage-first heap   total reserved 2076672K, committed 65536K, used 33500K [0x0000000081400000, 0x0000000100000000)
  region size 1024K, 8 young (8192K), 3 survivors (3072K)
}
Event: 9.305 {heap After GC invocations=12 (full 0):
 garbage-first heap   total reserved 2076672K, committed 65536K, used 29578K [0x0000000081400000, 0x0000000100000000)
  region size 1024K, 2 young (2048K), 2 survivors (2048K)
}

